row=1,service=payments,level=INFO,score=17
row=2,service=recommendation,level=INFO,score=34
row=3,service=search,level=INFO,score=51
row=4,service=payments,level=INFO,score=68
row=5,service=recommendation,level=INFO,score=85
row=6,service=search,level=INFO,score=102
row=7,service=payments,level=INFO,score=119
row=8,service=recommendation,level=INFO,score=136
row=9,service=search,level=INFO,score=153
row=10,service=payments,level=WARN,score=170
row=11,service=recommendation,level=INFO,score=187
row=12,service=search,level=INFO,score=204
row=13,service=payments,level=INFO,score=221
row=14,service=recommendation,level=INFO,score=238
row=15,service=search,level=INFO,score=255
row=16,service=payments,level=INFO,score=272
row=17,service=recommendation,level=INFO,score=289
row=18,service=search,level=INFO,score=306
row=19,service=payments,level=INFO,score=323
row=20,service=recommendation,level=WARN,score=340
row=21,service=search,level=INFO,score=357
row=22,service=payments,level=INFO,score=374
row=23,service=recommendation,level=INFO,score=391
row=24,service=search,level=INFO,score=408
row=25,service=payments,level=INFO,score=425
row=26,service=recommendation,level=INFO,score=442
row=27,service=search,level=INFO,score=459
row=28,service=payments,level=INFO,score=476
row=29,service=recommendation,level=INFO,score=493
row=30,service=search,level=WARN,score=510
row=31,service=payments,level=INFO,score=527
row=32,service=recommendation,level=INFO,score=544
row=33,service=search,level=INFO,score=561
row=34,service=payments,level=INFO,score=578
row=35,service=recommendation,level=INFO,score=595
row=36,service=search,level=INFO,score=612
row=37,service=payments,level=ERROR,score=629
row=38,service=recommendation,level=INFO,score=646
row=39,service=search,level=INFO,score=663
row=40,service=payments,level=WARN,score=680
row=41,service=recommendation,level=INFO,score=697
row=42,service=search,level=INFO,score=714
row=43,service=payments,level=INFO,score=731
row=44,service=recommendation,level=INFO,score=748
row=45,service=search,level=INFO,score=765
row=46,service=payments,level=INFO,score=782
row=47,service=recommendation,level=INFO,score=799
row=48,service=search,level=INFO,score=816
row=49,service=payments,level=INFO,score=833
row=50,service=recommendation,level=WARN,score=850
row=51,service=search,level=INFO,score=867
row=52,service=payments,level=INFO,score=884
row=53,service=recommendation,level=INFO,score=901
row=54,service=search,level=INFO,score=918
row=55,service=payments,level=INFO,score=935
row=56,service=recommendation,level=INFO,score=952
row=57,service=search,level=INFO,score=969
row=58,service=payments,level=INFO,score=986
row=59,service=recommendation,level=INFO,score=3
row=60,service=search,level=WARN,score=20
row=61,service=payments,level=INFO,score=37
row=62,service=recommendation,level=INFO,score=54
row=63,service=search,level=INFO,score=71
row=64,service=payments,level=INFO,score=88
row=65,service=recommendation,level=INFO,score=105
row=66,service=search,level=INFO,score=122
row=67,service=payments,level=INFO,score=139
row=68,service=recommendation,level=INFO,score=156
row=69,service=search,level=INFO,score=173
row=70,service=payments,level=WARN,score=190
row=71,service=recommendation,level=INFO,score=207
row=72,service=search,level=INFO,score=224
row=73,service=payments,level=INFO,score=241
row=74,service=recommendation,level=ERROR,score=258
row=75,service=search,level=INFO,score=275
row=76,service=payments,level=INFO,score=292
row=77,service=recommendation,level=INFO,score=309
row=78,service=search,level=INFO,score=326
row=79,service=payments,level=INFO,score=343
row=80,service=recommendation,level=WARN,score=360
row=81,service=search,level=INFO,score=377
row=82,service=payments,level=INFO,score=394
row=83,service=recommendation,level=INFO,score=411
row=84,service=search,level=INFO,score=428
row=85,service=payments,level=INFO,score=445
row=86,service=recommendation,level=INFO,score=462
row=87,service=search,level=INFO,score=479
row=88,service=payments,level=INFO,score=496
row=89,service=recommendation,level=INFO,score=513
row=90,service=search,level=WARN,score=530
row=91,service=payments,level=INFO,score=547
row=92,service=recommendation,level=INFO,score=564
row=93,service=search,level=INFO,score=581
row=94,service=payments,level=INFO,score=598
row=95,service=recommendation,level=INFO,score=615
row=96,service=search,level=INFO,score=632
row=97,service=payments,level=INFO,score=649
row=98,service=recommendation,level=INFO,score=666
row=99,service=search,level=INFO,score=683
row=100,service=payments,level=WARN,score=700
row=101,service=recommendation,level=INFO,score=717
row=102,service=search,level=INFO,score=734
row=103,service=payments,level=INFO,score=751
row=104,service=recommendation,level=INFO,score=768
row=105,service=search,level=INFO,score=785
row=106,service=payments,level=INFO,score=802
row=107,service=recommendation,level=INFO,score=819
row=108,service=search,level=INFO,score=836
row=109,service=payments,level=INFO,score=853
row=110,service=recommendation,level=WARN,score=870
row=111,service=search,level=ERROR,score=887
row=112,service=payments,level=INFO,score=904
row=113,service=recommendation,level=CRITICAL,score=921
row=114,service=search,level=INFO,score=938
row=115,service=payments,level=INFO,score=955
row=116,service=recommendation,level=INFO,score=972
row=117,service=search,level=INFO,score=989
row=118,service=payments,level=INFO,score=6
row=119,service=recommendation,level=INFO,score=23
row=120,service=search,level=WARN,score=40
row=121,service=payments,level=INFO,score=57
row=122,service=recommendation,level=INFO,score=74
row=123,service=search,level=INFO,score=91
row=124,service=payments,level=INFO,score=108
row=125,service=recommendation,level=INFO,score=125
row=126,service=search,level=INFO,score=142
row=127,service=payments,level=INFO,score=159
row=128,service=recommendation,level=INFO,score=176
row=129,service=search,level=INFO,score=193
row=130,service=payments,level=WARN,score=210
row=131,service=recommendation,level=INFO,score=227
row=132,service=search,level=INFO,score=244
row=133,service=payments,level=INFO,score=261
row=134,service=recommendation,level=INFO,score=278
row=135,service=search,level=INFO,score=295
row=136,service=payments,level=INFO,score=312
row=137,service=recommendation,level=INFO,score=329
row=138,service=search,level=INFO,score=346
row=139,service=payments,level=INFO,score=363
row=140,service=recommendation,level=WARN,score=380
row=141,service=search,level=INFO,score=397
row=142,service=payments,level=INFO,score=414
row=143,service=recommendation,level=INFO,score=431
row=144,service=search,level=INFO,score=448
row=145,service=payments,level=INFO,score=465
row=146,service=recommendation,level=INFO,score=482
row=147,service=search,level=INFO,score=499
row=148,service=payments,level=ERROR,score=516
row=149,service=recommendation,level=INFO,score=533
row=150,service=search,level=WARN,score=550
row=151,service=payments,level=INFO,score=567
row=152,service=recommendation,level=INFO,score=584
row=153,service=search,level=INFO,score=601
row=154,service=payments,level=INFO,score=618
row=155,service=recommendation,level=INFO,score=635
row=156,service=search,level=INFO,score=652
row=157,service=payments,level=INFO,score=669
row=158,service=recommendation,level=INFO,score=686
row=159,service=search,level=INFO,score=703
row=160,service=payments,level=WARN,score=720
row=161,service=recommendation,level=INFO,score=737
row=162,service=search,level=INFO,score=754
row=163,service=payments,level=INFO,score=771
row=164,service=recommendation,level=INFO,score=788
row=165,service=search,level=INFO,score=805
row=166,service=payments,level=INFO,score=822
row=167,service=recommendation,level=INFO,score=839
row=168,service=search,level=INFO,score=856
row=169,service=payments,level=INFO,score=873
row=170,service=recommendation,level=WARN,score=890
row=171,service=search,level=INFO,score=907
row=172,service=payments,level=INFO,score=924
row=173,service=recommendation,level=INFO,score=941
row=174,service=search,level=INFO,score=958
row=175,service=payments,level=INFO,score=975
row=176,service=recommendation,level=INFO,score=992
row=177,service=search,level=INFO,score=9
row=178,service=payments,level=INFO,score=26
row=179,service=recommendation,level=INFO,score=43
row=180,service=search,level=WARN,score=60
row=181,service=payments,level=INFO,score=77
row=182,service=recommendation,level=INFO,score=94
row=183,service=search,level=INFO,score=111
row=184,service=payments,level=INFO,score=128
row=185,service=recommendation,level=ERROR,score=145
row=186,service=search,level=INFO,score=162
row=187,service=payments,level=INFO,score=179
row=188,service=recommendation,level=INFO,score=196
row=189,service=search,level=INFO,score=213
row=190,service=payments,level=WARN,score=230
row=191,service=recommendation,level=INFO,score=247
row=192,service=search,level=INFO,score=264
row=193,service=payments,level=INFO,score=281
row=194,service=recommendation,level=INFO,score=298
row=195,service=search,level=INFO,score=315
row=196,service=payments,level=INFO,score=332
row=197,service=recommendation,level=INFO,score=349
row=198,service=search,level=INFO,score=366
row=199,service=payments,level=INFO,score=383
row=200,service=recommendation,level=WARN,score=400
row=201,service=search,level=INFO,score=417
row=202,service=payments,level=INFO,score=434
row=203,service=recommendation,level=INFO,score=451
row=204,service=search,level=INFO,score=468
row=205,service=payments,level=INFO,score=485
row=206,service=recommendation,level=INFO,score=502
row=207,service=search,level=INFO,score=519
row=208,service=payments,level=INFO,score=536
row=209,service=recommendation,level=INFO,score=553
row=210,service=search,level=WARN,score=570
row=211,service=payments,level=INFO,score=587
row=212,service=recommendation,level=INFO,score=604
row=213,service=search,level=INFO,score=621
row=214,service=payments,level=INFO,score=638
row=215,service=recommendation,level=INFO,score=655
row=216,service=search,level=INFO,score=672
row=217,service=payments,level=INFO,score=689
row=218,service=recommendation,level=INFO,score=706
row=219,service=search,level=INFO,score=723
row=220,service=payments,level=WARN,score=740
row=221,service=recommendation,level=INFO,score=757
row=222,service=search,level=ERROR,score=774
row=223,service=payments,level=INFO,score=791
row=224,service=recommendation,level=INFO,score=808
row=225,service=search,level=INFO,score=825
row=226,service=payments,level=CRITICAL,score=842
row=227,service=recommendation,level=INFO,score=859
row=228,service=search,level=INFO,score=876
row=229,service=payments,level=INFO,score=893
row=230,service=recommendation,level=WARN,score=910
row=231,service=search,level=INFO,score=927
row=232,service=payments,level=INFO,score=944
row=233,service=recommendation,level=INFO,score=961
row=234,service=search,level=INFO,score=978
row=235,service=payments,level=INFO,score=995
row=236,service=recommendation,level=INFO,score=12
row=237,service=search,level=INFO,score=29
row=238,service=payments,level=INFO,score=46
row=239,service=recommendation,level=INFO,score=63
row=240,service=search,level=WARN,score=80
row=241,service=payments,level=INFO,score=97
row=242,service=recommendation,level=INFO,score=114
row=243,service=search,level=INFO,score=131
row=244,service=payments,level=INFO,score=148
row=245,service=recommendation,level=INFO,score=165
row=246,service=search,level=INFO,score=182
row=247,service=payments,level=INFO,score=199
row=248,service=recommendation,level=INFO,score=216
row=249,service=search,level=INFO,score=233
row=250,service=payments,level=WARN,score=250
row=251,service=recommendation,level=INFO,score=267
row=252,service=search,level=INFO,score=284
row=253,service=payments,level=INFO,score=301
row=254,service=recommendation,level=INFO,score=318
row=255,service=search,level=INFO,score=335
row=256,service=payments,level=INFO,score=352
row=257,service=recommendation,level=INFO,score=369
row=258,service=search,level=INFO,score=386
row=259,service=payments,level=ERROR,score=403
row=260,service=recommendation,level=WARN,score=420
row=261,service=search,level=INFO,score=437
row=262,service=payments,level=INFO,score=454
row=263,service=recommendation,level=INFO,score=471
row=264,service=search,level=INFO,score=488
row=265,service=payments,level=INFO,score=505
row=266,service=recommendation,level=INFO,score=522
row=267,service=search,level=INFO,score=539
row=268,service=payments,level=INFO,score=556
row=269,service=recommendation,level=INFO,score=573
row=270,service=search,level=WARN,score=590
row=271,service=payments,level=INFO,score=607
row=272,service=recommendation,level=INFO,score=624
row=273,service=search,level=INFO,score=641
row=274,service=payments,level=INFO,score=658
row=275,service=recommendation,level=INFO,score=675
row=276,service=search,level=INFO,score=692
row=277,service=payments,level=INFO,score=709
row=278,service=recommendation,level=INFO,score=726
row=279,service=search,level=INFO,score=743
row=280,service=payments,level=WARN,score=760
row=281,service=recommendation,level=INFO,score=777
row=282,service=search,level=INFO,score=794
row=283,service=payments,level=INFO,score=811
row=284,service=recommendation,level=INFO,score=828
row=285,service=search,level=INFO,score=845
row=286,service=payments,level=INFO,score=862
row=287,service=recommendation,level=INFO,score=879
row=288,service=search,level=INFO,score=896
row=289,service=payments,level=INFO,score=913
row=290,service=recommendation,level=WARN,score=930
row=291,service=search,level=INFO,score=947
row=292,service=payments,level=INFO,score=964
row=293,service=recommendation,level=INFO,score=981
row=294,service=search,level=INFO,score=998
row=295,service=payments,level=INFO,score=15
row=296,service=recommendation,level=ERROR,score=32
row=297,service=search,level=INFO,score=49
row=298,service=payments,level=INFO,score=66
row=299,service=recommendation,level=INFO,score=83
row=300,service=search,level=WARN,score=100
row=301,service=payments,level=INFO,score=117
row=302,service=recommendation,level=INFO,score=134
row=303,service=search,level=INFO,score=151
row=304,service=payments,level=INFO,score=168
row=305,service=recommendation,level=INFO,score=185
row=306,service=search,level=INFO,score=202
row=307,service=payments,level=INFO,score=219
row=308,service=recommendation,level=INFO,score=236
row=309,service=search,level=INFO,score=253
row=310,service=payments,level=WARN,score=270
row=311,service=recommendation,level=INFO,score=287
row=312,service=search,level=INFO,score=304
row=313,service=payments,level=INFO,score=321
row=314,service=recommendation,level=INFO,score=338
row=315,service=search,level=INFO,score=355
row=316,service=payments,level=INFO,score=372
row=317,service=recommendation,level=INFO,score=389
row=318,service=search,level=INFO,score=406
row=319,service=payments,level=INFO,score=423
row=320,service=recommendation,level=WARN,score=440
row=321,service=search,level=INFO,score=457
row=322,service=payments,level=INFO,score=474
row=323,service=recommendation,level=INFO,score=491
row=324,service=search,level=INFO,score=508
row=325,service=payments,level=INFO,score=525
row=326,service=recommendation,level=INFO,score=542
row=327,service=search,level=INFO,score=559
row=328,service=payments,level=INFO,score=576
row=329,service=recommendation,level=INFO,score=593
row=330,service=search,level=WARN,score=610
row=331,service=payments,level=INFO,score=627
row=332,service=recommendation,level=INFO,score=644
row=333,service=search,level=ERROR,score=661
row=334,service=payments,level=INFO,score=678
row=335,service=recommendation,level=INFO,score=695
row=336,service=search,level=INFO,score=712
row=337,service=payments,level=INFO,score=729
row=338,service=recommendation,level=INFO,score=746
row=339,service=search,level=CRITICAL,score=763
row=340,service=payments,level=WARN,score=780
row=341,service=recommendation,level=INFO,score=797
row=342,service=search,level=INFO,score=814
row=343,service=payments,level=INFO,score=831
row=344,service=recommendation,level=INFO,score=848
row=345,service=search,level=INFO,score=865
row=346,service=payments,level=INFO,score=882
row=347,service=recommendation,level=INFO,score=899
row=348,service=search,level=INFO,score=916
row=349,service=payments,level=INFO,score=933
row=350,service=recommendation,level=WARN,score=950
row=351,service=search,level=INFO,score=967
row=352,service=payments,level=INFO,score=984
row=353,service=recommendation,level=INFO,score=1
row=354,service=search,level=INFO,score=18
row=355,service=payments,level=INFO,score=35
row=356,service=recommendation,level=INFO,score=52
row=357,service=search,level=INFO,score=69
row=358,service=payments,level=INFO,score=86
row=359,service=recommendation,level=INFO,score=103
row=360,service=search,level=WARN,score=120
row=361,service=payments,level=INFO,score=137
row=362,service=recommendation,level=INFO,score=154
row=363,service=search,level=INFO,score=171
row=364,service=payments,level=INFO,score=188
row=365,service=recommendation,level=INFO,score=205
row=366,service=search,level=INFO,score=222
row=367,service=payments,level=INFO,score=239
row=368,service=recommendation,level=INFO,score=256
row=369,service=search,level=INFO,score=273
row=370,service=payments,level=ERROR,score=290
row=371,service=recommendation,level=INFO,score=307
row=372,service=search,level=INFO,score=324
row=373,service=payments,level=INFO,score=341
row=374,service=recommendation,level=INFO,score=358
row=375,service=search,level=INFO,score=375
row=376,service=payments,level=INFO,score=392
row=377,service=recommendation,level=INFO,score=409
row=378,service=search,level=INFO,score=426
row=379,service=payments,level=INFO,score=443
row=380,service=recommendation,level=WARN,score=460
row=381,service=search,level=INFO,score=477
row=382,service=payments,level=INFO,score=494
row=383,service=recommendation,level=INFO,score=511
row=384,service=search,level=INFO,score=528
row=385,service=payments,level=INFO,score=545
row=386,service=recommendation,level=INFO,score=562
row=387,service=search,level=INFO,score=579
row=388,service=payments,level=INFO,score=596
row=389,service=recommendation,level=INFO,score=613
row=390,service=search,level=WARN,score=630
row=391,service=payments,level=INFO,score=647
row=392,service=recommendation,level=INFO,score=664
row=393,service=search,level=INFO,score=681
row=394,service=payments,level=INFO,score=698
row=395,service=recommendation,level=INFO,score=715
row=396,service=search,level=INFO,score=732
row=397,service=payments,level=INFO,score=749
row=398,service=recommendation,level=INFO,score=766
row=399,service=search,level=INFO,score=783
row=400,service=payments,level=WARN,score=800
row=401,service=recommendation,level=INFO,score=817
row=402,service=search,level=INFO,score=834
row=403,service=payments,level=INFO,score=851
row=404,service=recommendation,level=INFO,score=868
row=405,service=search,level=INFO,score=885
row=406,service=payments,level=INFO,score=902
row=407,service=recommendation,level=ERROR,score=919
row=408,service=search,level=INFO,score=936
row=409,service=payments,level=INFO,score=953
row=410,service=recommendation,level=WARN,score=970
row=411,service=search,level=INFO,score=987
row=412,service=payments,level=INFO,score=4
row=413,service=recommendation,level=INFO,score=21
row=414,service=search,level=INFO,score=38
row=415,service=payments,level=INFO,score=55
row=416,service=recommendation,level=INFO,score=72
row=417,service=search,level=INFO,score=89
row=418,service=payments,level=INFO,score=106
row=419,service=recommendation,level=INFO,score=123
row=420,service=search,level=WARN,score=140
row=421,service=payments,level=INFO,score=157
row=422,service=recommendation,level=INFO,score=174
row=423,service=search,level=INFO,score=191
row=424,service=payments,level=INFO,score=208
row=425,service=recommendation,level=INFO,score=225
row=426,service=search,level=INFO,score=242
row=427,service=payments,level=INFO,score=259
row=428,service=recommendation,level=INFO,score=276
row=429,service=search,level=INFO,score=293
row=430,service=payments,level=WARN,score=310
row=431,service=recommendation,level=INFO,score=327
row=432,service=search,level=INFO,score=344
row=433,service=payments,level=INFO,score=361
row=434,service=recommendation,level=INFO,score=378
row=435,service=search,level=INFO,score=395
row=436,service=payments,level=INFO,score=412
row=437,service=recommendation,level=INFO,score=429
row=438,service=search,level=INFO,score=446
row=439,service=payments,level=INFO,score=463
row=440,service=recommendation,level=WARN,score=480
row=441,service=search,level=INFO,score=497
row=442,service=payments,level=INFO,score=514
row=443,service=recommendation,level=INFO,score=531
row=444,service=search,level=ERROR,score=548
row=445,service=payments,level=INFO,score=565
row=446,service=recommendation,level=INFO,score=582
row=447,service=search,level=INFO,score=599
row=448,service=payments,level=INFO,score=616
row=449,service=recommendation,level=INFO,score=633
row=450,service=search,level=WARN,score=650
row=451,service=payments,level=INFO,score=667
row=452,service=recommendation,level=CRITICAL,score=684
row=453,service=search,level=INFO,score=701
row=454,service=payments,level=INFO,score=718
row=455,service=recommendation,level=INFO,score=735
row=456,service=search,level=INFO,score=752
row=457,service=payments,level=INFO,score=769
row=458,service=recommendation,level=INFO,score=786
row=459,service=search,level=INFO,score=803
row=460,service=payments,level=WARN,score=820
row=461,service=recommendation,level=INFO,score=837
row=462,service=search,level=INFO,score=854
row=463,service=payments,level=INFO,score=871
row=464,service=recommendation,level=INFO,score=888
row=465,service=search,level=INFO,score=905
row=466,service=payments,level=INFO,score=922
row=467,service=recommendation,level=INFO,score=939
row=468,service=search,level=INFO,score=956
row=469,service=payments,level=INFO,score=973
row=470,service=recommendation,level=WARN,score=990
row=471,service=search,level=INFO,score=7
row=472,service=payments,level=INFO,score=24
row=473,service=recommendation,level=INFO,score=41
row=474,service=search,level=INFO,score=58
row=475,service=payments,level=INFO,score=75
row=476,service=recommendation,level=INFO,score=92
row=477,service=search,level=INFO,score=109
row=478,service=payments,level=INFO,score=126
row=479,service=recommendation,level=INFO,score=143
row=480,service=search,level=WARN,score=160
row=481,service=payments,level=ERROR,score=177
row=482,service=recommendation,level=INFO,score=194
row=483,service=search,level=INFO,score=211
row=484,service=payments,level=INFO,score=228
row=485,service=recommendation,level=INFO,score=245
row=486,service=search,level=INFO,score=262
row=487,service=payments,level=INFO,score=279
row=488,service=recommendation,level=INFO,score=296
row=489,service=search,level=INFO,score=313
row=490,service=payments,level=WARN,score=330
row=491,service=recommendation,level=INFO,score=347
row=492,service=search,level=INFO,score=364
row=493,service=payments,level=INFO,score=381
row=494,service=recommendation,level=INFO,score=398
row=495,service=search,level=INFO,score=415
row=496,service=payments,level=INFO,score=432
row=497,service=recommendation,level=INFO,score=449
row=498,service=search,level=INFO,score=466
row=499,service=payments,level=INFO,score=483
row=500,service=recommendation,level=WARN,score=500
row=501,service=search,level=INFO,score=517
row=502,service=payments,level=INFO,score=534
row=503,service=recommendation,level=INFO,score=551
row=504,service=search,level=INFO,score=568
row=505,service=payments,level=INFO,score=585
row=506,service=recommendation,level=INFO,score=602
row=507,service=search,level=INFO,score=619
row=508,service=payments,level=INFO,score=636
row=509,service=recommendation,level=INFO,score=653
row=510,service=search,level=WARN,score=670
row=511,service=payments,level=INFO,score=687
row=512,service=recommendation,level=INFO,score=704
row=513,service=search,level=INFO,score=721
row=514,service=payments,level=INFO,score=738
row=515,service=recommendation,level=INFO,score=755
row=516,service=search,level=INFO,score=772
row=517,service=payments,level=INFO,score=789
row=518,service=recommendation,level=ERROR,score=806
row=519,service=search,level=INFO,score=823
row=520,service=payments,level=WARN,score=840
row=521,service=recommendation,level=INFO,score=857
row=522,service=search,level=INFO,score=874
row=523,service=payments,level=INFO,score=891
row=524,service=recommendation,level=INFO,score=908
row=525,service=search,level=INFO,score=925
row=526,service=payments,level=INFO,score=942
row=527,service=recommendation,level=INFO,score=959
row=528,service=search,level=INFO,score=976
row=529,service=payments,level=INFO,score=993
row=530,service=recommendation,level=WARN,score=10
row=531,service=search,level=INFO,score=27
row=532,service=payments,level=INFO,score=44
row=533,service=recommendation,level=INFO,score=61
row=534,service=search,level=INFO,score=78
row=535,service=payments,level=INFO,score=95
row=536,service=recommendation,level=INFO,score=112
row=537,service=search,level=INFO,score=129
row=538,service=payments,level=INFO,score=146
row=539,service=recommendation,level=INFO,score=163
row=540,service=search,level=WARN,score=180
row=541,service=payments,level=INFO,score=197
row=542,service=recommendation,level=INFO,score=214
row=543,service=search,level=INFO,score=231
row=544,service=payments,level=INFO,score=248
row=545,service=recommendation,level=INFO,score=265
row=546,service=search,level=INFO,score=282
row=547,service=payments,level=INFO,score=299
row=548,service=recommendation,level=INFO,score=316
row=549,service=search,level=INFO,score=333
row=550,service=payments,level=WARN,score=350
row=551,service=recommendation,level=INFO,score=367
row=552,service=search,level=INFO,score=384
row=553,service=payments,level=INFO,score=401
row=554,service=recommendation,level=INFO,score=418
row=555,service=search,level=ERROR,score=435
row=556,service=payments,level=INFO,score=452
row=557,service=recommendation,level=INFO,score=469
row=558,service=search,level=INFO,score=486
row=559,service=payments,level=INFO,score=503
row=560,service=recommendation,level=WARN,score=520
row=561,service=search,level=INFO,score=537
row=562,service=payments,level=INFO,score=554
row=563,service=recommendation,level=INFO,score=571
row=564,service=search,level=INFO,score=588
row=565,service=payments,level=CRITICAL,score=605
row=566,service=recommendation,level=INFO,score=622
row=567,service=search,level=INFO,score=639
row=568,service=payments,level=INFO,score=656
row=569,service=recommendation,level=INFO,score=673
row=570,service=search,level=WARN,score=690
row=571,service=payments,level=INFO,score=707
row=572,service=recommendation,level=INFO,score=724
row=573,service=search,level=INFO,score=741
row=574,service=payments,level=INFO,score=758
row=575,service=recommendation,level=INFO,score=775
row=576,service=search,level=INFO,score=792
row=577,service=payments,level=INFO,score=809
row=578,service=recommendation,level=INFO,score=826
row=579,service=search,level=INFO,score=843
row=580,service=payments,level=WARN,score=860
row=581,service=recommendation,level=INFO,score=877
row=582,service=search,level=INFO,score=894
row=583,service=payments,level=INFO,score=911
row=584,service=recommendation,level=INFO,score=928
row=585,service=search,level=INFO,score=945
row=586,service=payments,level=INFO,score=962
row=587,service=recommendation,level=INFO,score=979
row=588,service=search,level=INFO,score=996
row=589,service=payments,level=INFO,score=13
row=590,service=recommendation,level=WARN,score=30
row=591,service=search,level=INFO,score=47
row=592,service=payments,level=ERROR,score=64
row=593,service=recommendation,level=INFO,score=81
row=594,service=search,level=INFO,score=98
row=595,service=payments,level=INFO,score=115
row=596,service=recommendation,level=INFO,score=132
row=597,service=search,level=INFO,score=149
row=598,service=payments,level=INFO,score=166
row=599,service=recommendation,level=INFO,score=183
row=600,service=search,level=WARN,score=200
row=601,service=payments,level=INFO,score=217
row=602,service=recommendation,level=INFO,score=234
row=603,service=search,level=INFO,score=251
row=604,service=payments,level=INFO,score=268
row=605,service=recommendation,level=INFO,score=285
row=606,service=search,level=INFO,score=302
row=607,service=payments,level=INFO,score=319
row=608,service=recommendation,level=INFO,score=336
row=609,service=search,level=INFO,score=353
row=610,service=payments,level=WARN,score=370
row=611,service=recommendation,level=INFO,score=387
row=612,service=search,level=INFO,score=404
row=613,service=payments,level=INFO,score=421
row=614,service=recommendation,level=INFO,score=438
row=615,service=search,level=INFO,score=455
row=616,service=payments,level=INFO,score=472
row=617,service=recommendation,level=INFO,score=489
row=618,service=search,level=INFO,score=506
row=619,service=payments,level=INFO,score=523
row=620,service=recommendation,level=WARN,score=540
row=621,service=search,level=INFO,score=557
row=622,service=payments,level=INFO,score=574
row=623,service=recommendation,level=INFO,score=591
row=624,service=search,level=INFO,score=608
row=625,service=payments,level=INFO,score=625
row=626,service=recommendation,level=INFO,score=642
row=627,service=search,level=INFO,score=659
row=628,service=payments,level=INFO,score=676
row=629,service=recommendation,level=ERROR,score=693
row=630,service=search,level=WARN,score=710
row=631,service=payments,level=INFO,score=727
row=632,service=recommendation,level=INFO,score=744
row=633,service=search,level=INFO,score=761
row=634,service=payments,level=INFO,score=778
row=635,service=recommendation,level=INFO,score=795
row=636,service=search,level=INFO,score=812
row=637,service=payments,level=INFO,score=829
row=638,service=recommendation,level=INFO,score=846
row=639,service=search,level=INFO,score=863
row=640,service=payments,level=WARN,score=880
row=641,service=recommendation,level=INFO,score=897
row=642,service=search,level=INFO,score=914
row=643,service=payments,level=INFO,score=931
row=644,service=recommendation,level=INFO,score=948
row=645,service=search,level=INFO,score=965
row=646,service=payments,level=INFO,score=982
row=647,service=recommendation,level=INFO,score=999
row=648,service=search,level=INFO,score=16
row=649,service=payments,level=INFO,score=33
row=650,service=recommendation,level=WARN,score=50
row=651,service=search,level=INFO,score=67
row=652,service=payments,level=INFO,score=84
row=653,service=recommendation,level=INFO,score=101
row=654,service=search,level=INFO,score=118
row=655,service=payments,level=INFO,score=135
row=656,service=recommendation,level=INFO,score=152
row=657,service=search,level=INFO,score=169
row=658,service=payments,level=INFO,score=186
row=659,service=recommendation,level=INFO,score=203
row=660,service=search,level=WARN,score=220
row=661,service=payments,level=INFO,score=237
row=662,service=recommendation,level=INFO,score=254
row=663,service=search,level=INFO,score=271
row=664,service=payments,level=INFO,score=288
row=665,service=recommendation,level=INFO,score=305
row=666,service=search,level=ERROR,score=322
row=667,service=payments,level=INFO,score=339
row=668,service=recommendation,level=INFO,score=356
row=669,service=search,level=INFO,score=373
row=670,service=payments,level=WARN,score=390
row=671,service=recommendation,level=INFO,score=407
row=672,service=search,level=INFO,score=424
row=673,service=payments,level=INFO,score=441
row=674,service=recommendation,level=INFO,score=458
row=675,service=search,level=INFO,score=475
row=676,service=payments,level=INFO,score=492
row=677,service=recommendation,level=INFO,score=509
row=678,service=search,level=CRITICAL,score=526
row=679,service=payments,level=INFO,score=543
row=680,service=recommendation,level=WARN,score=560
row=681,service=search,level=INFO,score=577
row=682,service=payments,level=INFO,score=594
row=683,service=recommendation,level=INFO,score=611
row=684,service=search,level=INFO,score=628
row=685,service=payments,level=INFO,score=645
row=686,service=recommendation,level=INFO,score=662
row=687,service=search,level=INFO,score=679
row=688,service=payments,level=INFO,score=696
row=689,service=recommendation,level=INFO,score=713
row=690,service=search,level=WARN,score=730
row=691,service=payments,level=INFO,score=747
row=692,service=recommendation,level=INFO,score=764
row=693,service=search,level=INFO,score=781
row=694,service=payments,level=INFO,score=798
row=695,service=recommendation,level=INFO,score=815
row=696,service=search,level=INFO,score=832
row=697,service=payments,level=INFO,score=849
row=698,service=recommendation,level=INFO,score=866
row=699,service=search,level=INFO,score=883
row=700,service=payments,level=WARN,score=900
row=701,service=recommendation,level=INFO,score=917
row=702,service=search,level=INFO,score=934
row=703,service=payments,level=ERROR,score=951
row=704,service=recommendation,level=INFO,score=968
row=705,service=search,level=INFO,score=985
row=706,service=payments,level=INFO,score=2
row=707,service=recommendation,level=INFO,score=19
row=708,service=search,level=INFO,score=36
row=709,service=payments,level=INFO,score=53
row=710,service=recommendation,level=WARN,score=70
row=711,service=search,level=INFO,score=87
row=712,service=payments,level=INFO,score=104
row=713,service=recommendation,level=INFO,score=121
row=714,service=search,level=INFO,score=138
row=715,service=payments,level=INFO,score=155
row=716,service=recommendation,level=INFO,score=172
row=717,service=search,level=INFO,score=189
row=718,service=payments,level=INFO,score=206
row=719,service=recommendation,level=INFO,score=223
row=720,service=search,level=WARN,score=240
row=721,service=payments,level=INFO,score=257
row=722,service=recommendation,level=INFO,score=274
row=723,service=search,level=INFO,score=291
row=724,service=payments,level=INFO,score=308
row=725,service=recommendation,level=INFO,score=325
row=726,service=search,level=INFO,score=342
row=727,service=payments,level=INFO,score=359
row=728,service=recommendation,level=INFO,score=376
row=729,service=search,level=INFO,score=393
row=730,service=payments,level=WARN,score=410
row=731,service=recommendation,level=INFO,score=427
row=732,service=search,level=INFO,score=444
row=733,service=payments,level=INFO,score=461
row=734,service=recommendation,level=INFO,score=478
row=735,service=search,level=INFO,score=495
row=736,service=payments,level=INFO,score=512
row=737,service=recommendation,level=INFO,score=529
row=738,service=search,level=INFO,score=546
row=739,service=payments,level=INFO,score=563
row=740,service=recommendation,level=ERROR,score=580
row=741,service=search,level=INFO,score=597
row=742,service=payments,level=INFO,score=614
row=743,service=recommendation,level=INFO,score=631
row=744,service=search,level=INFO,score=648
row=745,service=payments,level=INFO,score=665
row=746,service=recommendation,level=INFO,score=682
row=747,service=search,level=INFO,score=699
row=748,service=payments,level=INFO,score=716
row=749,service=recommendation,level=INFO,score=733
row=750,service=search,level=WARN,score=750
row=751,service=payments,level=INFO,score=767
row=752,service=recommendation,level=INFO,score=784
row=753,service=search,level=INFO,score=801
row=754,service=payments,level=INFO,score=818
row=755,service=recommendation,level=INFO,score=835
row=756,service=search,level=INFO,score=852
row=757,service=payments,level=INFO,score=869
row=758,service=recommendation,level=INFO,score=886
row=759,service=search,level=INFO,score=903
row=760,service=payments,level=WARN,score=920
row=761,service=recommendation,level=INFO,score=937
row=762,service=search,level=INFO,score=954
row=763,service=payments,level=INFO,score=971
row=764,service=recommendation,level=INFO,score=988
row=765,service=search,level=INFO,score=5
row=766,service=payments,level=INFO,score=22
row=767,service=recommendation,level=INFO,score=39
row=768,service=search,level=INFO,score=56
row=769,service=payments,level=INFO,score=73
row=770,service=recommendation,level=WARN,score=90
row=771,service=search,level=INFO,score=107
row=772,service=payments,level=INFO,score=124
row=773,service=recommendation,level=INFO,score=141
row=774,service=search,level=INFO,score=158
row=775,service=payments,level=INFO,score=175
row=776,service=recommendation,level=INFO,score=192
row=777,service=search,level=ERROR,score=209
row=778,service=payments,level=INFO,score=226
row=779,service=recommendation,level=INFO,score=243
row=780,service=search,level=WARN,score=260
row=781,service=payments,level=INFO,score=277
row=782,service=recommendation,level=INFO,score=294
row=783,service=search,level=INFO,score=311
row=784,service=payments,level=INFO,score=328
row=785,service=recommendation,level=INFO,score=345
row=786,service=search,level=INFO,score=362
row=787,service=payments,level=INFO,score=379
row=788,service=recommendation,level=INFO,score=396
row=789,service=search,level=INFO,score=413
row=790,service=payments,level=WARN,score=430
row=791,service=recommendation,level=CRITICAL,score=447
row=792,service=search,level=INFO,score=464
row=793,service=payments,level=INFO,score=481
row=794,service=recommendation,level=INFO,score=498
row=795,service=search,level=INFO,score=515
row=796,service=payments,level=INFO,score=532
row=797,service=recommendation,level=INFO,score=549
row=798,service=search,level=INFO,score=566
row=799,service=payments,level=INFO,score=583
row=800,service=recommendation,level=WARN,score=600
row=801,service=search,level=INFO,score=617
row=802,service=payments,level=INFO,score=634
row=803,service=recommendation,level=INFO,score=651
row=804,service=search,level=INFO,score=668
row=805,service=payments,level=INFO,score=685
row=806,service=recommendation,level=INFO,score=702
row=807,service=search,level=INFO,score=719
row=808,service=payments,level=INFO,score=736
row=809,service=recommendation,level=INFO,score=753
row=810,service=search,level=WARN,score=770
row=811,service=payments,level=INFO,score=787
row=812,service=recommendation,level=INFO,score=804
row=813,service=search,level=INFO,score=821
row=814,service=payments,level=ERROR,score=838
row=815,service=recommendation,level=INFO,score=855
row=816,service=search,level=INFO,score=872
row=817,service=payments,level=INFO,score=889
row=818,service=recommendation,level=INFO,score=906
row=819,service=search,level=INFO,score=923
row=820,service=payments,level=WARN,score=940
row=821,service=recommendation,level=INFO,score=957
row=822,service=search,level=INFO,score=974
row=823,service=payments,level=INFO,score=991
row=824,service=recommendation,level=INFO,score=8
row=825,service=search,level=INFO,score=25
row=826,service=payments,level=INFO,score=42
row=827,service=recommendation,level=INFO,score=59
row=828,service=search,level=INFO,score=76
row=829,service=payments,level=INFO,score=93
row=830,service=recommendation,level=WARN,score=110
row=831,service=search,level=INFO,score=127
row=832,service=payments,level=INFO,score=144
row=833,service=recommendation,level=INFO,score=161
row=834,service=search,level=INFO,score=178
row=835,service=payments,level=INFO,score=195
row=836,service=recommendation,level=INFO,score=212
row=837,service=search,level=INFO,score=229
row=838,service=payments,level=INFO,score=246
row=839,service=recommendation,level=INFO,score=263
row=840,service=search,level=WARN,score=280
row=841,service=payments,level=INFO,score=297
row=842,service=recommendation,level=INFO,score=314
row=843,service=search,level=INFO,score=331
row=844,service=payments,level=INFO,score=348
row=845,service=recommendation,level=INFO,score=365
row=846,service=search,level=INFO,score=382
row=847,service=payments,level=INFO,score=399
row=848,service=recommendation,level=INFO,score=416
row=849,service=search,level=INFO,score=433
row=850,service=payments,level=WARN,score=450
row=851,service=recommendation,level=ERROR,score=467
row=852,service=search,level=INFO,score=484
row=853,service=payments,level=INFO,score=501
row=854,service=recommendation,level=INFO,score=518
row=855,service=search,level=INFO,score=535
row=856,service=payments,level=INFO,score=552
row=857,service=recommendation,level=INFO,score=569
row=858,service=search,level=INFO,score=586
row=859,service=payments,level=INFO,score=603
row=860,service=recommendation,level=WARN,score=620
row=861,service=search,level=INFO,score=637
row=862,service=payments,level=INFO,score=654
row=863,service=recommendation,level=INFO,score=671
row=864,service=search,level=INFO,score=688
row=865,service=payments,level=INFO,score=705
row=866,service=recommendation,level=INFO,score=722
row=867,service=search,level=INFO,score=739
row=868,service=payments,level=INFO,score=756
row=869,service=recommendation,level=INFO,score=773
row=870,service=search,level=WARN,score=790
row=871,service=payments,level=INFO,score=807
row=872,service=recommendation,level=INFO,score=824
row=873,service=search,level=INFO,score=841
row=874,service=payments,level=INFO,score=858
row=875,service=recommendation,level=INFO,score=875
row=876,service=search,level=INFO,score=892
row=877,service=payments,level=INFO,score=909
row=878,service=recommendation,level=INFO,score=926
row=879,service=search,level=INFO,score=943
row=880,service=payments,level=WARN,score=960
row=881,service=recommendation,level=INFO,score=977
row=882,service=search,level=INFO,score=994
row=883,service=payments,level=INFO,score=11
row=884,service=recommendation,level=INFO,score=28
row=885,service=search,level=INFO,score=45
row=886,service=payments,level=INFO,score=62
row=887,service=recommendation,level=INFO,score=79
row=888,service=search,level=ERROR,score=96
row=889,service=payments,level=INFO,score=113
row=890,service=recommendation,level=WARN,score=130
row=891,service=search,level=INFO,score=147
row=892,service=payments,level=INFO,score=164
row=893,service=recommendation,level=INFO,score=181
row=894,service=search,level=INFO,score=198
row=895,service=payments,level=INFO,score=215
row=896,service=recommendation,level=INFO,score=232
row=897,service=search,level=INFO,score=249
row=898,service=payments,level=INFO,score=266
row=899,service=recommendation,level=INFO,score=283
row=900,service=search,level=WARN,score=300
row=901,service=payments,level=INFO,score=317
row=902,service=recommendation,level=INFO,score=334
row=903,service=search,level=INFO,score=351
row=904,service=payments,level=CRITICAL,score=368
row=905,service=recommendation,level=INFO,score=385
row=906,service=search,level=INFO,score=402
row=907,service=payments,level=INFO,score=419
row=908,service=recommendation,level=INFO,score=436
row=909,service=search,level=INFO,score=453
row=910,service=payments,level=WARN,score=470
row=911,service=recommendation,level=INFO,score=487
row=912,service=search,level=INFO,score=504
row=913,service=payments,level=INFO,score=521
row=914,service=recommendation,level=INFO,score=538
row=915,service=search,level=INFO,score=555
row=916,service=payments,level=INFO,score=572
row=917,service=recommendation,level=INFO,score=589
row=918,service=search,level=INFO,score=606
row=919,service=payments,level=INFO,score=623
row=920,service=recommendation,level=WARN,score=640
row=921,service=search,level=INFO,score=657
row=922,service=payments,level=INFO,score=674
row=923,service=recommendation,level=INFO,score=691
row=924,service=search,level=INFO,score=708
row=925,service=payments,level=ERROR,score=725
row=926,service=recommendation,level=INFO,score=742
row=927,service=search,level=INFO,score=759
row=928,service=payments,level=INFO,score=776
row=929,service=recommendation,level=INFO,score=793
row=930,service=search,level=WARN,score=810
row=931,service=payments,level=INFO,score=827
row=932,service=recommendation,level=INFO,score=844
row=933,service=search,level=INFO,score=861
row=934,service=payments,level=INFO,score=878
row=935,service=recommendation,level=INFO,score=895
row=936,service=search,level=INFO,score=912
row=937,service=payments,level=INFO,score=929
row=938,service=recommendation,level=INFO,score=946
row=939,service=search,level=INFO,score=963
row=940,service=payments,level=WARN,score=980
row=941,service=recommendation,level=INFO,score=997
row=942,service=search,level=INFO,score=14
row=943,service=payments,level=INFO,score=31
row=944,service=recommendation,level=INFO,score=48
row=945,service=search,level=INFO,score=65
row=946,service=payments,level=INFO,score=82
row=947,service=recommendation,level=INFO,score=99
row=948,service=search,level=INFO,score=116
row=949,service=payments,level=INFO,score=133
row=950,service=recommendation,level=WARN,score=150
row=951,service=search,level=INFO,score=167
row=952,service=payments,level=INFO,score=184
row=953,service=recommendation,level=INFO,score=201
row=954,service=search,level=INFO,score=218
row=955,service=payments,level=INFO,score=235
row=956,service=recommendation,level=INFO,score=252
row=957,service=search,level=INFO,score=269
row=958,service=payments,level=INFO,score=286
row=959,service=recommendation,level=INFO,score=303
row=960,service=search,level=WARN,score=320
row=961,service=payments,level=INFO,score=337
row=962,service=recommendation,level=ERROR,score=354
row=963,service=search,level=INFO,score=371
row=964,service=payments,level=INFO,score=388
row=965,service=recommendation,level=INFO,score=405
row=966,service=search,level=INFO,score=422
row=967,service=payments,level=INFO,score=439
row=968,service=recommendation,level=INFO,score=456
row=969,service=search,level=INFO,score=473
row=970,service=payments,level=WARN,score=490
row=971,service=recommendation,level=INFO,score=507
row=972,service=search,level=INFO,score=524
row=973,service=payments,level=INFO,score=541
row=974,service=recommendation,level=INFO,score=558
row=975,service=search,level=INFO,score=575
row=976,service=payments,level=INFO,score=592
row=977,service=recommendation,level=INFO,score=609
row=978,service=search,level=INFO,score=626
row=979,service=payments,level=INFO,score=643
row=980,service=recommendation,level=WARN,score=660
row=981,service=search,level=INFO,score=677
row=982,service=payments,level=INFO,score=694
row=983,service=recommendation,level=INFO,score=711
row=984,service=search,level=INFO,score=728
row=985,service=payments,level=INFO,score=745
row=986,service=recommendation,level=INFO,score=762
row=987,service=search,level=INFO,score=779
row=988,service=payments,level=INFO,score=796
row=989,service=recommendation,level=INFO,score=813
row=990,service=search,level=WARN,score=830
row=991,service=payments,level=INFO,score=847
row=992,service=recommendation,level=INFO,score=864
row=993,service=search,level=INFO,score=881
row=994,service=payments,level=INFO,score=898
row=995,service=recommendation,level=INFO,score=915
row=996,service=search,level=INFO,score=932
row=997,service=payments,level=INFO,score=949
row=998,service=recommendation,level=INFO,score=966
row=999,service=search,level=ERROR,score=983
row=1000,service=payments,level=WARN,score=0
row=1001,service=recommendation,level=INFO,score=17
row=1002,service=search,level=INFO,score=34
row=1003,service=payments,level=INFO,score=51
row=1004,service=recommendation,level=INFO,score=68
row=1005,service=search,level=INFO,score=85
row=1006,service=payments,level=INFO,score=102
row=1007,service=recommendation,level=INFO,score=119
row=1008,service=search,level=INFO,score=136
row=1009,service=payments,level=INFO,score=153
row=1010,service=recommendation,level=WARN,score=170
row=1011,service=search,level=INFO,score=187
row=1012,service=payments,level=INFO,score=204
row=1013,service=recommendation,level=INFO,score=221
row=1014,service=search,level=INFO,score=238
row=1015,service=payments,level=INFO,score=255
row=1016,service=recommendation,level=INFO,score=272
row=1017,service=search,level=CRITICAL,score=289
row=1018,service=payments,level=INFO,score=306
row=1019,service=recommendation,level=INFO,score=323
row=1020,service=search,level=WARN,score=340
row=1021,service=payments,level=INFO,score=357
row=1022,service=recommendation,level=INFO,score=374
row=1023,service=search,level=INFO,score=391
row=1024,service=payments,level=INFO,score=408
row=1025,service=recommendation,level=INFO,score=425
row=1026,service=search,level=INFO,score=442
row=1027,service=payments,level=INFO,score=459
row=1028,service=recommendation,level=INFO,score=476
row=1029,service=search,level=INFO,score=493
row=1030,service=payments,level=WARN,score=510
row=1031,service=recommendation,level=INFO,score=527
row=1032,service=search,level=INFO,score=544
row=1033,service=payments,level=INFO,score=561
row=1034,service=recommendation,level=INFO,score=578
row=1035,service=search,level=INFO,score=595
row=1036,service=payments,level=ERROR,score=612
row=1037,service=recommendation,level=INFO,score=629
row=1038,service=search,level=INFO,score=646
row=1039,service=payments,level=INFO,score=663
row=1040,service=recommendation,level=WARN,score=680
row=1041,service=search,level=INFO,score=697
row=1042,service=payments,level=INFO,score=714
row=1043,service=recommendation,level=INFO,score=731
row=1044,service=search,level=INFO,score=748
row=1045,service=payments,level=INFO,score=765
row=1046,service=recommendation,level=INFO,score=782
row=1047,service=search,level=INFO,score=799
row=1048,service=payments,level=INFO,score=816
row=1049,service=recommendation,level=INFO,score=833
row=1050,service=search,level=WARN,score=850
row=1051,service=payments,level=INFO,score=867
row=1052,service=recommendation,level=INFO,score=884
row=1053,service=search,level=INFO,score=901
row=1054,service=payments,level=INFO,score=918
row=1055,service=recommendation,level=INFO,score=935
row=1056,service=search,level=INFO,score=952
row=1057,service=payments,level=INFO,score=969
row=1058,service=recommendation,level=INFO,score=986
row=1059,service=search,level=INFO,score=3
row=1060,service=payments,level=WARN,score=20
row=1061,service=recommendation,level=INFO,score=37
row=1062,service=search,level=INFO,score=54
row=1063,service=payments,level=INFO,score=71
row=1064,service=recommendation,level=INFO,score=88
row=1065,service=search,level=INFO,score=105
row=1066,service=payments,level=INFO,score=122
row=1067,service=recommendation,level=INFO,score=139
row=1068,service=search,level=INFO,score=156
row=1069,service=payments,level=INFO,score=173
row=1070,service=recommendation,level=WARN,score=190
row=1071,service=search,level=INFO,score=207
row=1072,service=payments,level=INFO,score=224
row=1073,service=recommendation,level=ERROR,score=241
row=1074,service=search,level=INFO,score=258
row=1075,service=payments,level=INFO,score=275
row=1076,service=recommendation,level=INFO,score=292
row=1077,service=search,level=INFO,score=309
row=1078,service=payments,level=INFO,score=326
row=1079,service=recommendation,level=INFO,score=343
row=1080,service=search,level=WARN,score=360
row=1081,service=payments,level=INFO,score=377
row=1082,service=recommendation,level=INFO,score=394
row=1083,service=search,level=INFO,score=411
row=1084,service=payments,level=INFO,score=428
row=1085,service=recommendation,level=INFO,score=445
row=1086,service=search,level=INFO,score=462
row=1087,service=payments,level=INFO,score=479
row=1088,service=recommendation,level=INFO,score=496
row=1089,service=search,level=INFO,score=513
row=1090,service=payments,level=WARN,score=530
row=1091,service=recommendation,level=INFO,score=547
row=1092,service=search,level=INFO,score=564
row=1093,service=payments,level=INFO,score=581
row=1094,service=recommendation,level=INFO,score=598
row=1095,service=search,level=INFO,score=615
row=1096,service=payments,level=INFO,score=632
row=1097,service=recommendation,level=INFO,score=649
row=1098,service=search,level=INFO,score=666
row=1099,service=payments,level=INFO,score=683
row=1100,service=recommendation,level=WARN,score=700
row=1101,service=search,level=INFO,score=717
row=1102,service=payments,level=INFO,score=734
row=1103,service=recommendation,level=INFO,score=751
row=1104,service=search,level=INFO,score=768
row=1105,service=payments,level=INFO,score=785
row=1106,service=recommendation,level=INFO,score=802
row=1107,service=search,level=INFO,score=819
row=1108,service=payments,level=INFO,score=836
row=1109,service=recommendation,level=INFO,score=853
row=1110,service=search,level=ERROR,score=870
row=1111,service=payments,level=INFO,score=887
row=1112,service=recommendation,level=INFO,score=904
row=1113,service=search,level=INFO,score=921
row=1114,service=payments,level=INFO,score=938
row=1115,service=recommendation,level=INFO,score=955
row=1116,service=search,level=INFO,score=972
row=1117,service=payments,level=INFO,score=989
row=1118,service=recommendation,level=INFO,score=6
row=1119,service=search,level=INFO,score=23
row=1120,service=payments,level=WARN,score=40
row=1121,service=recommendation,level=INFO,score=57
row=1122,service=search,level=INFO,score=74
row=1123,service=payments,level=INFO,score=91
row=1124,service=recommendation,level=INFO,score=108
row=1125,service=search,level=INFO,score=125
row=1126,service=payments,level=INFO,score=142
row=1127,service=recommendation,level=INFO,score=159
row=1128,service=search,level=INFO,score=176
row=1129,service=payments,level=INFO,score=193
row=1130,service=recommendation,level=CRITICAL,score=210
row=1131,service=search,level=INFO,score=227
row=1132,service=payments,level=INFO,score=244
row=1133,service=recommendation,level=INFO,score=261
row=1134,service=search,level=INFO,score=278
row=1135,service=payments,level=INFO,score=295
row=1136,service=recommendation,level=INFO,score=312
row=1137,service=search,level=INFO,score=329
row=1138,service=payments,level=INFO,score=346
row=1139,service=recommendation,level=INFO,score=363
row=1140,service=search,level=WARN,score=380
row=1141,service=payments,level=INFO,score=397
row=1142,service=recommendation,level=INFO,score=414
row=1143,service=search,level=INFO,score=431
row=1144,service=payments,level=INFO,score=448
row=1145,service=recommendation,level=INFO,score=465
row=1146,service=search,level=INFO,score=482
row=1147,service=payments,level=ERROR,score=499
row=1148,service=recommendation,level=INFO,score=516
row=1149,service=search,level=INFO,score=533
row=1150,service=payments,level=WARN,score=550
row=1151,service=recommendation,level=INFO,score=567
row=1152,service=search,level=INFO,score=584
row=1153,service=payments,level=INFO,score=601
row=1154,service=recommendation,level=INFO,score=618
row=1155,service=search,level=INFO,score=635
row=1156,service=payments,level=INFO,score=652
row=1157,service=recommendation,level=INFO,score=669
row=1158,service=search,level=INFO,score=686
row=1159,service=payments,level=INFO,score=703
row=1160,service=recommendation,level=WARN,score=720
row=1161,service=search,level=INFO,score=737
row=1162,service=payments,level=INFO,score=754
row=1163,service=recommendation,level=INFO,score=771
row=1164,service=search,level=INFO,score=788
row=1165,service=payments,level=INFO,score=805
row=1166,service=recommendation,level=INFO,score=822
row=1167,service=search,level=INFO,score=839
row=1168,service=payments,level=INFO,score=856
row=1169,service=recommendation,level=INFO,score=873
row=1170,service=search,level=WARN,score=890
row=1171,service=payments,level=INFO,score=907
row=1172,service=recommendation,level=INFO,score=924
row=1173,service=search,level=INFO,score=941
row=1174,service=payments,level=INFO,score=958
row=1175,service=recommendation,level=INFO,score=975
row=1176,service=search,level=INFO,score=992
row=1177,service=payments,level=INFO,score=9
row=1178,service=recommendation,level=INFO,score=26
row=1179,service=search,level=INFO,score=43
row=1180,service=payments,level=WARN,score=60
row=1181,service=recommendation,level=INFO,score=77
row=1182,service=search,level=INFO,score=94
row=1183,service=payments,level=INFO,score=111
row=1184,service=recommendation,level=ERROR,score=128
row=1185,service=search,level=INFO,score=145
row=1186,service=payments,level=INFO,score=162
row=1187,service=recommendation,level=INFO,score=179
row=1188,service=search,level=INFO,score=196
row=1189,service=payments,level=INFO,score=213
row=1190,service=recommendation,level=WARN,score=230
row=1191,service=search,level=INFO,score=247
row=1192,service=payments,level=INFO,score=264
row=1193,service=recommendation,level=INFO,score=281
row=1194,service=search,level=INFO,score=298
row=1195,service=payments,level=INFO,score=315
row=1196,service=recommendation,level=INFO,score=332
row=1197,service=search,level=INFO,score=349
row=1198,service=payments,level=INFO,score=366
row=1199,service=recommendation,level=INFO,score=383
row=1200,service=search,level=WARN,score=400
row=1201,service=payments,level=INFO,score=417
row=1202,service=recommendation,level=INFO,score=434
row=1203,service=search,level=INFO,score=451
row=1204,service=payments,level=INFO,score=468
row=1205,service=recommendation,level=INFO,score=485
row=1206,service=search,level=INFO,score=502
row=1207,service=payments,level=INFO,score=519
row=1208,service=recommendation,level=INFO,score=536
row=1209,service=search,level=INFO,score=553
row=1210,service=payments,level=WARN,score=570
row=1211,service=recommendation,level=INFO,score=587
row=1212,service=search,level=INFO,score=604
row=1213,service=payments,level=INFO,score=621
row=1214,service=recommendation,level=INFO,score=638
row=1215,service=search,level=INFO,score=655
row=1216,service=payments,level=INFO,score=672
row=1217,service=recommendation,level=INFO,score=689
row=1218,service=search,level=INFO,score=706
row=1219,service=payments,level=INFO,score=723
row=1220,service=recommendation,level=WARN,score=740
row=1221,service=search,level=ERROR,score=757
row=1222,service=payments,level=INFO,score=774
row=1223,service=recommendation,level=INFO,score=791
row=1224,service=search,level=INFO,score=808
row=1225,service=payments,level=INFO,score=825
row=1226,service=recommendation,level=INFO,score=842
row=1227,service=search,level=INFO,score=859
row=1228,service=payments,level=INFO,score=876
row=1229,service=recommendation,level=INFO,score=893
row=1230,service=search,level=WARN,score=910
row=1231,service=payments,level=INFO,score=927
row=1232,service=recommendation,level=INFO,score=944
row=1233,service=search,level=INFO,score=961
row=1234,service=payments,level=INFO,score=978
row=1235,service=recommendation,level=INFO,score=995
row=1236,service=search,level=INFO,score=12
row=1237,service=payments,level=INFO,score=29
row=1238,service=recommendation,level=INFO,score=46
row=1239,service=search,level=INFO,score=63
row=1240,service=payments,level=WARN,score=80
row=1241,service=recommendation,level=INFO,score=97
row=1242,service=search,level=INFO,score=114
row=1243,service=payments,level=CRITICAL,score=131
row=1244,service=recommendation,level=INFO,score=148
row=1245,service=search,level=INFO,score=165
row=1246,service=payments,level=INFO,score=182
row=1247,service=recommendation,level=INFO,score=199
row=1248,service=search,level=INFO,score=216
row=1249,service=payments,level=INFO,score=233
row=1250,service=recommendation,level=WARN,score=250
row=1251,service=search,level=INFO,score=267
row=1252,service=payments,level=INFO,score=284
row=1253,service=recommendation,level=INFO,score=301
row=1254,service=search,level=INFO,score=318
row=1255,service=payments,level=INFO,score=335
row=1256,service=recommendation,level=INFO,score=352
row=1257,service=search,level=INFO,score=369
row=1258,service=payments,level=ERROR,score=386
row=1259,service=recommendation,level=INFO,score=403
row=1260,service=search,level=WARN,score=420
row=1261,service=payments,level=INFO,score=437
row=1262,service=recommendation,level=INFO,score=454
row=1263,service=search,level=INFO,score=471
row=1264,service=payments,level=INFO,score=488
row=1265,service=recommendation,level=INFO,score=505
row=1266,service=search,level=INFO,score=522
row=1267,service=payments,level=INFO,score=539
row=1268,service=recommendation,level=INFO,score=556
row=1269,service=search,level=INFO,score=573
row=1270,service=payments,level=WARN,score=590
row=1271,service=recommendation,level=INFO,score=607
row=1272,service=search,level=INFO,score=624
row=1273,service=payments,level=INFO,score=641
row=1274,service=recommendation,level=INFO,score=658
row=1275,service=search,level=INFO,score=675
row=1276,service=payments,level=INFO,score=692
row=1277,service=recommendation,level=INFO,score=709
row=1278,service=search,level=INFO,score=726
row=1279,service=payments,level=INFO,score=743
row=1280,service=recommendation,level=WARN,score=760
row=1281,service=search,level=INFO,score=777
row=1282,service=payments,level=INFO,score=794
row=1283,service=recommendation,level=INFO,score=811
row=1284,service=search,level=INFO,score=828
row=1285,service=payments,level=INFO,score=845
row=1286,service=recommendation,level=INFO,score=862
row=1287,service=search,level=INFO,score=879
row=1288,service=payments,level=INFO,score=896
row=1289,service=recommendation,level=INFO,score=913
row=1290,service=search,level=WARN,score=930
row=1291,service=payments,level=INFO,score=947
row=1292,service=recommendation,level=INFO,score=964
row=1293,service=search,level=INFO,score=981
row=1294,service=payments,level=INFO,score=998
row=1295,service=recommendation,level=ERROR,score=15
row=1296,service=search,level=INFO,score=32
row=1297,service=payments,level=INFO,score=49
row=1298,service=recommendation,level=INFO,score=66
row=1299,service=search,level=INFO,score=83
row=1300,service=payments,level=WARN,score=100
row=1301,service=recommendation,level=INFO,score=117
row=1302,service=search,level=INFO,score=134
row=1303,service=payments,level=INFO,score=151
row=1304,service=recommendation,level=INFO,score=168
row=1305,service=search,level=INFO,score=185
row=1306,service=payments,level=INFO,score=202
row=1307,service=recommendation,level=INFO,score=219
row=1308,service=search,level=INFO,score=236
row=1309,service=payments,level=INFO,score=253
row=1310,service=recommendation,level=WARN,score=270
row=1311,service=search,level=INFO,score=287
row=1312,service=payments,level=INFO,score=304
row=1313,service=recommendation,level=INFO,score=321
row=1314,service=search,level=INFO,score=338
row=1315,service=payments,level=INFO,score=355
row=1316,service=recommendation,level=INFO,score=372
row=1317,service=search,level=INFO,score=389
row=1318,service=payments,level=INFO,score=406
row=1319,service=recommendation,level=INFO,score=423
row=1320,service=search,level=WARN,score=440
row=1321,service=payments,level=INFO,score=457
row=1322,service=recommendation,level=INFO,score=474
row=1323,service=search,level=INFO,score=491
row=1324,service=payments,level=INFO,score=508
row=1325,service=recommendation,level=INFO,score=525
row=1326,service=search,level=INFO,score=542
row=1327,service=payments,level=INFO,score=559
row=1328,service=recommendation,level=INFO,score=576
row=1329,service=search,level=INFO,score=593
row=1330,service=payments,level=WARN,score=610
row=1331,service=recommendation,level=INFO,score=627
row=1332,service=search,level=ERROR,score=644
row=1333,service=payments,level=INFO,score=661
row=1334,service=recommendation,level=INFO,score=678
row=1335,service=search,level=INFO,score=695
row=1336,service=payments,level=INFO,score=712
row=1337,service=recommendation,level=INFO,score=729
row=1338,service=search,level=INFO,score=746
row=1339,service=payments,level=INFO,score=763
row=1340,service=recommendation,level=WARN,score=780
row=1341,service=search,level=INFO,score=797
row=1342,service=payments,level=INFO,score=814
row=1343,service=recommendation,level=INFO,score=831
row=1344,service=search,level=INFO,score=848
row=1345,service=payments,level=INFO,score=865
row=1346,service=recommendation,level=INFO,score=882
row=1347,service=search,level=INFO,score=899
row=1348,service=payments,level=INFO,score=916
row=1349,service=recommendation,level=INFO,score=933
row=1350,service=search,level=WARN,score=950
row=1351,service=payments,level=INFO,score=967
row=1352,service=recommendation,level=INFO,score=984
row=1353,service=search,level=INFO,score=1
row=1354,service=payments,level=INFO,score=18
row=1355,service=recommendation,level=INFO,score=35
row=1356,service=search,level=CRITICAL,score=52
row=1357,service=payments,level=INFO,score=69
row=1358,service=recommendation,level=INFO,score=86
row=1359,service=search,level=INFO,score=103
row=1360,service=payments,level=WARN,score=120
row=1361,service=recommendation,level=INFO,score=137
row=1362,service=search,level=INFO,score=154
row=1363,service=payments,level=INFO,score=171
row=1364,service=recommendation,level=INFO,score=188
row=1365,service=search,level=INFO,score=205
row=1366,service=payments,level=INFO,score=222
row=1367,service=recommendation,level=INFO,score=239
row=1368,service=search,level=INFO,score=256
row=1369,service=payments,level=ERROR,score=273
row=1370,service=recommendation,level=WARN,score=290
row=1371,service=search,level=INFO,score=307
row=1372,service=payments,level=INFO,score=324
row=1373,service=recommendation,level=INFO,score=341
row=1374,service=search,level=INFO,score=358
row=1375,service=payments,level=INFO,score=375
row=1376,service=recommendation,level=INFO,score=392
row=1377,service=search,level=INFO,score=409
row=1378,service=payments,level=INFO,score=426
row=1379,service=recommendation,level=INFO,score=443
row=1380,service=search,level=WARN,score=460
row=1381,service=payments,level=INFO,score=477
row=1382,service=recommendation,level=INFO,score=494
row=1383,service=search,level=INFO,score=511
row=1384,service=payments,level=INFO,score=528
row=1385,service=recommendation,level=INFO,score=545
row=1386,service=search,level=INFO,score=562
row=1387,service=payments,level=INFO,score=579
row=1388,service=recommendation,level=INFO,score=596
row=1389,service=search,level=INFO,score=613
row=1390,service=payments,level=WARN,score=630
row=1391,service=recommendation,level=INFO,score=647
row=1392,service=search,level=INFO,score=664
row=1393,service=payments,level=INFO,score=681
row=1394,service=recommendation,level=INFO,score=698
row=1395,service=search,level=INFO,score=715
row=1396,service=payments,level=INFO,score=732
row=1397,service=recommendation,level=INFO,score=749
row=1398,service=search,level=INFO,score=766
row=1399,service=payments,level=INFO,score=783
row=1400,service=recommendation,level=WARN,score=800
row=1401,service=search,level=INFO,score=817
row=1402,service=payments,level=INFO,score=834
row=1403,service=recommendation,level=INFO,score=851
row=1404,service=search,level=INFO,score=868
row=1405,service=payments,level=INFO,score=885
row=1406,service=recommendation,level=ERROR,score=902
row=1407,service=search,level=INFO,score=919
row=1408,service=payments,level=INFO,score=936
row=1409,service=recommendation,level=INFO,score=953
row=1410,service=search,level=WARN,score=970
row=1411,service=payments,level=INFO,score=987
row=1412,service=recommendation,level=INFO,score=4
row=1413,service=search,level=INFO,score=21
row=1414,service=payments,level=INFO,score=38
row=1415,service=recommendation,level=INFO,score=55
row=1416,service=search,level=INFO,score=72
row=1417,service=payments,level=INFO,score=89
row=1418,service=recommendation,level=INFO,score=106
row=1419,service=search,level=INFO,score=123
row=1420,service=payments,level=WARN,score=140
row=1421,service=recommendation,level=INFO,score=157
row=1422,service=search,level=INFO,score=174
row=1423,service=payments,level=INFO,score=191
row=1424,service=recommendation,level=INFO,score=208
row=1425,service=search,level=INFO,score=225
row=1426,service=payments,level=INFO,score=242
row=1427,service=recommendation,level=INFO,score=259
row=1428,service=search,level=INFO,score=276
row=1429,service=payments,level=INFO,score=293
row=1430,service=recommendation,level=WARN,score=310
row=1431,service=search,level=INFO,score=327
row=1432,service=payments,level=INFO,score=344
row=1433,service=recommendation,level=INFO,score=361
row=1434,service=search,level=INFO,score=378
row=1435,service=payments,level=INFO,score=395
row=1436,service=recommendation,level=INFO,score=412
row=1437,service=search,level=INFO,score=429
row=1438,service=payments,level=INFO,score=446
row=1439,service=recommendation,level=INFO,score=463
row=1440,service=search,level=WARN,score=480
row=1441,service=payments,level=INFO,score=497
row=1442,service=recommendation,level=INFO,score=514
row=1443,service=search,level=ERROR,score=531
row=1444,service=payments,level=INFO,score=548
row=1445,service=recommendation,level=INFO,score=565
row=1446,service=search,level=INFO,score=582
row=1447,service=payments,level=INFO,score=599
row=1448,service=recommendation,level=INFO,score=616
row=1449,service=search,level=INFO,score=633
row=1450,service=payments,level=WARN,score=650
row=1451,service=recommendation,level=INFO,score=667
row=1452,service=search,level=INFO,score=684
row=1453,service=payments,level=INFO,score=701
row=1454,service=recommendation,level=INFO,score=718
row=1455,service=search,level=INFO,score=735
row=1456,service=payments,level=INFO,score=752
row=1457,service=recommendation,level=INFO,score=769
row=1458,service=search,level=INFO,score=786
row=1459,service=payments,level=INFO,score=803
row=1460,service=recommendation,level=WARN,score=820
row=1461,service=search,level=INFO,score=837
row=1462,service=payments,level=INFO,score=854
row=1463,service=recommendation,level=INFO,score=871
row=1464,service=search,level=INFO,score=888
row=1465,service=payments,level=INFO,score=905
row=1466,service=recommendation,level=INFO,score=922
row=1467,service=search,level=INFO,score=939
row=1468,service=payments,level=INFO,score=956
row=1469,service=recommendation,level=CRITICAL,score=973
row=1470,service=search,level=WARN,score=990
row=1471,service=payments,level=INFO,score=7
row=1472,service=recommendation,level=INFO,score=24
row=1473,service=search,level=INFO,score=41
row=1474,service=payments,level=INFO,score=58
row=1475,service=recommendation,level=INFO,score=75
row=1476,service=search,level=INFO,score=92
row=1477,service=payments,level=INFO,score=109
row=1478,service=recommendation,level=INFO,score=126
row=1479,service=search,level=INFO,score=143
row=1480,service=payments,level=ERROR,score=160
row=1481,service=recommendation,level=INFO,score=177
row=1482,service=search,level=INFO,score=194
row=1483,service=payments,level=INFO,score=211
row=1484,service=recommendation,level=INFO,score=228
row=1485,service=search,level=INFO,score=245
row=1486,service=payments,level=INFO,score=262
row=1487,service=recommendation,level=INFO,score=279
row=1488,service=search,level=INFO,score=296
row=1489,service=payments,level=INFO,score=313
row=1490,service=recommendation,level=WARN,score=330
row=1491,service=search,level=INFO,score=347
row=1492,service=payments,level=INFO,score=364
row=1493,service=recommendation,level=INFO,score=381
row=1494,service=search,level=INFO,score=398
row=1495,service=payments,level=INFO,score=415
row=1496,service=recommendation,level=INFO,score=432
row=1497,service=search,level=INFO,score=449
row=1498,service=payments,level=INFO,score=466
row=1499,service=recommendation,level=INFO,score=483
row=1500,service=search,level=WARN,score=500
